Connecting to client at :rmi://177.220.84.244:1099/Worker

Olá! As opções disponíveis são:

(1) Listar todas as pessoas formadas em um determinado curso
(2) Listar as habilidades dos perfis que moram em uma determinada cidade
(3) Acrescentar uma nova experiẽncia em um perfil
(4) Dado o email de um perfil, retorna sua experiência
(5) Lista todas as informações de todos os perfis
(6) Dado o email de um perfil, retorna suas informações

(7) Sair


Você escolheu a opção 1
Digite o curso: 
{[{ "nome" : "Lucas" , "sobrenome" : "Teixeira Amaral"},{ "Nome" : "Pedro" , "Sobrenome" : "Ducati Amaral"}]}
Consulta realizada em:
|33295322

Olá! As opções disponíveis são:

(1) Listar todas as pessoas formadas em um determinado curso
(2) Listar as habilidades dos perfis que moram em uma determinada cidade
(3) Acrescentar uma nova experiẽncia em um perfil
(4) Dado o email de um perfil, retorna sua experiência
(5) Lista todas as informações de todos os perfis
(6) Dado o email de um perfil, retorna suas informações

(7) Sair


Você escolheu a opção 1
Digite o curso: 
{[{ "nome" : "Lucas" , "sobrenome" : "Teixeira Amaral"},{ "Nome" : "Pedro" , "Sobrenome" : "Ducati Amaral"}]}
Consulta realizada em:
|6207973

Olá! As opções disponíveis são:

(1) Listar todas as pessoas formadas em um determinado curso
(2) Listar as habilidades dos perfis que moram em uma determinada cidade
(3) Acrescentar uma nova experiẽncia em um perfil
(4) Dado o email de um perfil, retorna sua experiência
(5) Lista todas as informações de todos os perfis
(6) Dado o email de um perfil, retorna suas informações

(7) Sair


Você escolheu a opção 1
Digite o curso: 
{[{ "nome" : "Lucas" , "sobrenome" : "Teixeira Amaral"},{ "Nome" : "Pedro" , "Sobrenome" : "Ducati Amaral"}]}
Consulta realizada em:
|7406995

Olá! As opções disponíveis são:

(1) Listar todas as pessoas formadas em um determinado curso
(2) Listar as habilidades dos perfis que moram em uma determinada cidade
(3) Acrescentar uma nova experiẽncia em um perfil
(4) Dado o email de um perfil, retorna sua experiência
(5) Lista todas as informações de todos os perfis
(6) Dado o email de um perfil, retorna suas informações

(7) Sair


Você escolheu a opção 1
Digite o curso: 
{[{ "nome" : "Lucas" , "sobrenome" : "Teixeira Amaral"},{ "Nome" : "Pedro" , "Sobrenome" : "Ducati Amaral"}]}
Consulta realizada em:
|5733175

Olá! As opções disponíveis são:

(1) Listar todas as pessoas formadas em um determinado curso
(2) Listar as habilidades dos perfis que moram em uma determinada cidade
(3) Acrescentar uma nova experiẽncia em um perfil
(4) Dado o email de um perfil, retorna sua experiência
(5) Lista todas as informações de todos os perfis
(6) Dado o email de um perfil, retorna suas informações

(7) Sair


Você escolheu a opção 1
Digite o curso: 
{[{ "nome" : "Lucas" , "sobrenome" : "Teixeira Amaral"},{ "Nome" : "Pedro" , "Sobrenome" : "Ducati Amaral"}]}
Consulta realizada em:
|5621120

Olá! As opções disponíveis são:

(1) Listar todas as pessoas formadas em um determinado curso
(2) Listar as habilidades dos perfis que moram em uma determinada cidade
(3) Acrescentar uma nova experiẽncia em um perfil
(4) Dado o email de um perfil, retorna sua experiência
(5) Lista todas as informações de todos os perfis
(6) Dado o email de um perfil, retorna suas informações

(7) Sair


Você escolheu a opção 1
Digite o curso: 
{[{ "nome" : "Lucas" , "sobrenome" : "Teixeira Amaral"},{ "Nome" : "Pedro" , "Sobrenome" : "Ducati Amaral"}]}
Consulta realizada em:
|5290976

Olá! As opções disponíveis são:

(1) Listar todas as pessoas formadas em um determinado curso
(2) Listar as habilidades dos perfis que moram em uma determinada cidade
(3) Acrescentar uma nova experiẽncia em um perfil
(4) Dado o email de um perfil, retorna sua experiência
(5) Lista todas as informações de todos os perfis
(6) Dado o email de um perfil, retorna suas informações

(7) Sair


Você escolheu a opção 1
Digite o curso: 
{[{ "nome" : "Lucas" , "sobrenome" : "Teixeira Amaral"},{ "Nome" : "Pedro" , "Sobrenome" : "Ducati Amaral"}]}
Consulta realizada em:
|5195748

Olá! As opções disponíveis são:

(1) Listar todas as pessoas formadas em um determinado curso
(2) Listar as habilidades dos perfis que moram em uma determinada cidade
(3) Acrescentar uma nova experiẽncia em um perfil
(4) Dado o email de um perfil, retorna sua experiência
(5) Lista todas as informações de todos os perfis
(6) Dado o email de um perfil, retorna suas informações

(7) Sair


Você escolheu a opção 1
Digite o curso: 
{[{ "nome" : "Lucas" , "sobrenome" : "Teixeira Amaral"},{ "Nome" : "Pedro" , "Sobrenome" : "Ducati Amaral"}]}
Consulta realizada em:
|5484041

Olá! As opções disponíveis são:

(1) Listar todas as pessoas formadas em um determinado curso
(2) Listar as habilidades dos perfis que moram em uma determinada cidade
(3) Acrescentar uma nova experiẽncia em um perfil
(4) Dado o email de um perfil, retorna sua experiência
(5) Lista todas as informações de todos os perfis
(6) Dado o email de um perfil, retorna suas informações

(7) Sair


Você escolheu a opção 1
Digite o curso: 
{[{ "nome" : "Lucas" , "sobrenome" : "Teixeira Amaral"},{ "Nome" : "Pedro" , "Sobrenome" : "Ducati Amaral"}]}
Consulta realizada em:
|6689516

Olá! As opções disponíveis são:

(1) Listar todas as pessoas formadas em um determinado curso
(2) Listar as habilidades dos perfis que moram em uma determinada cidade
(3) Acrescentar uma nova experiẽncia em um perfil
(4) Dado o email de um perfil, retorna sua experiência
(5) Lista todas as informações de todos os perfis
(6) Dado o email de um perfil, retorna suas informações

(7) Sair


Você escolheu a opção 1
Digite o curso: 
{[{ "nome" : "Lucas" , "sobrenome" : "Teixeira Amaral"},{ "Nome" : "Pedro" , "Sobrenome" : "Ducati Amaral"}]}
Consulta realizada em:
|6116122

Olá! As opções disponíveis são:

(1) Listar todas as pessoas formadas em um determinado curso
(2) Listar as habilidades dos perfis que moram em uma determinada cidade
(3) Acrescentar uma nova experiẽncia em um perfil
(4) Dado o email de um perfil, retorna sua experiência
(5) Lista todas as informações de todos os perfis
(6) Dado o email de um perfil, retorna suas informações

(7) Sair


Você escolheu a opção 1
Digite o curso: 
{[{ "nome" : "Lucas" , "sobrenome" : "Teixeira Amaral"},{ "Nome" : "Pedro" , "Sobrenome" : "Ducati Amaral"}]}
Consulta realizada em:
|6013310

Olá! As opções disponíveis são:

(1) Listar todas as pessoas formadas em um determinado curso
(2) Listar as habilidades dos perfis que moram em uma determinada cidade
(3) Acrescentar uma nova experiẽncia em um perfil
(4) Dado o email de um perfil, retorna sua experiência
(5) Lista todas as informações de todos os perfis
(6) Dado o email de um perfil, retorna suas informações

(7) Sair


Você escolheu a opção 1
Digite o curso: 
{[{ "nome" : "Lucas" , "sobrenome" : "Teixeira Amaral"},{ "Nome" : "Pedro" , "Sobrenome" : "Ducati Amaral"}]}
Consulta realizada em:
|5994350

Olá! As opções disponíveis são:

(1) Listar todas as pessoas formadas em um determinado curso
(2) Listar as habilidades dos perfis que moram em uma determinada cidade
(3) Acrescentar uma nova experiẽncia em um perfil
(4) Dado o email de um perfil, retorna sua experiência
(5) Lista todas as informações de todos os perfis
(6) Dado o email de um perfil, retorna suas informações

(7) Sair


Você escolheu a opção 1
Digite o curso: 
{[{ "nome" : "Lucas" , "sobrenome" : "Teixeira Amaral"},{ "Nome" : "Pedro" , "Sobrenome" : "Ducati Amaral"}]}
Consulta realizada em:
|6460201

Olá! As opções disponíveis são:

(1) Listar todas as pessoas formadas em um determinado curso
(2) Listar as habilidades dos perfis que moram em uma determinada cidade
(3) Acrescentar uma nova experiẽncia em um perfil
(4) Dado o email de um perfil, retorna sua experiência
(5) Lista todas as informações de todos os perfis
(6) Dado o email de um perfil, retorna suas informações

(7) Sair


Você escolheu a opção 1
Digite o curso: 
{[{ "nome" : "Lucas" , "sobrenome" : "Teixeira Amaral"},{ "Nome" : "Pedro" , "Sobrenome" : "Ducati Amaral"}]}
Consulta realizada em:
|8243848

Olá! As opções disponíveis são:

(1) Listar todas as pessoas formadas em um determinado curso
(2) Listar as habilidades dos perfis que moram em uma determinada cidade
(3) Acrescentar uma nova experiẽncia em um perfil
(4) Dado o email de um perfil, retorna sua experiência
(5) Lista todas as informações de todos os perfis
(6) Dado o email de um perfil, retorna suas informações

(7) Sair


Você escolheu a opção 1
Digite o curso: 
{[{ "nome" : "Lucas" , "sobrenome" : "Teixeira Amaral"},{ "Nome" : "Pedro" , "Sobrenome" : "Ducati Amaral"}]}
Consulta realizada em:
|6509668

Olá! As opções disponíveis são:

(1) Listar todas as pessoas formadas em um determinado curso
(2) Listar as habilidades dos perfis que moram em uma determinada cidade
(3) Acrescentar uma nova experiẽncia em um perfil
(4) Dado o email de um perfil, retorna sua experiência
(5) Lista todas as informações de todos os perfis
(6) Dado o email de um perfil, retorna suas informações

(7) Sair


Você escolheu a opção 1
Digite o curso: 
{[{ "nome" : "Lucas" , "sobrenome" : "Teixeira Amaral"},{ "Nome" : "Pedro" , "Sobrenome" : "Ducati Amaral"}]}
Consulta realizada em:
|8210110

Olá! As opções disponíveis são:

(1) Listar todas as pessoas formadas em um determinado curso
(2) Listar as habilidades dos perfis que moram em uma determinada cidade
(3) Acrescentar uma nova experiẽncia em um perfil
(4) Dado o email de um perfil, retorna sua experiência
(5) Lista todas as informações de todos os perfis
(6) Dado o email de um perfil, retorna suas informações

(7) Sair


Você escolheu a opção 1
Digite o curso: 
{[{ "nome" : "Lucas" , "sobrenome" : "Teixeira Amaral"},{ "Nome" : "Pedro" , "Sobrenome" : "Ducati Amaral"}]}
Consulta realizada em:
|6042299

Olá! As opções disponíveis são:

(1) Listar todas as pessoas formadas em um determinado curso
(2) Listar as habilidades dos perfis que moram em uma determinada cidade
(3) Acrescentar uma nova experiẽncia em um perfil
(4) Dado o email de um perfil, retorna sua experiência
(5) Lista todas as informações de todos os perfis
(6) Dado o email de um perfil, retorna suas informações

(7) Sair


Você escolheu a opção 1
Digite o curso: 
{[{ "nome" : "Lucas" , "sobrenome" : "Teixeira Amaral"},{ "Nome" : "Pedro" , "Sobrenome" : "Ducati Amaral"}]}
Consulta realizada em:
|5865255

Olá! As opções disponíveis são:

(1) Listar todas as pessoas formadas em um determinado curso
(2) Listar as habilidades dos perfis que moram em uma determinada cidade
(3) Acrescentar uma nova experiẽncia em um perfil
(4) Dado o email de um perfil, retorna sua experiência
(5) Lista todas as informações de todos os perfis
(6) Dado o email de um perfil, retorna suas informações

(7) Sair


Você escolheu a opção 1
Digite o curso: 
{[{ "nome" : "Lucas" , "sobrenome" : "Teixeira Amaral"},{ "Nome" : "Pedro" , "Sobrenome" : "Ducati Amaral"}]}
Consulta realizada em:
|5387255

Olá! As opções disponíveis são:

(1) Listar todas as pessoas formadas em um determinado curso
(2) Listar as habilidades dos perfis que moram em uma determinada cidade
(3) Acrescentar uma nova experiẽncia em um perfil
(4) Dado o email de um perfil, retorna sua experiência
(5) Lista todas as informações de todos os perfis
(6) Dado o email de um perfil, retorna suas informações

(7) Sair


Você escolheu a opção 1
Digite o curso: 
{[{ "nome" : "Lucas" , "sobrenome" : "Teixeira Amaral"},{ "Nome" : "Pedro" , "Sobrenome" : "Ducati Amaral"}]}
Consulta realizada em:
|6182226

Olá! As opções disponíveis são:

(1) Listar todas as pessoas formadas em um determinado curso
(2) Listar as habilidades dos perfis que moram em uma determinada cidade
(3) Acrescentar uma nova experiẽncia em um perfil
(4) Dado o email de um perfil, retorna sua experiência
(5) Lista todas as informações de todos os perfis
(6) Dado o email de um perfil, retorna suas informações

(7) Sair


Você escolheu a opção 7
Volte sempre :)
