Connecting to client at :rmi://177.220.84.244:1099/Worker

Olá! As opções disponíveis são:

(1) Listar todas as pessoas formadas em um determinado curso
(2) Listar as habilidades dos perfis que moram em uma determinada cidade
(3) Acrescentar uma nova experiẽncia em um perfil
(4) Dado o email de um perfil, retorna sua experiência
(5) Lista todas as informações de todos os perfis
(6) Dado o email de um perfil, retorna suas informações

(7) Sair


Você escolheu a opção 2
Digite a cidade: 
{[Parapsicologia]}
Consulta realizada em:
|37921081

Olá! As opções disponíveis são:

(1) Listar todas as pessoas formadas em um determinado curso
(2) Listar as habilidades dos perfis que moram em uma determinada cidade
(3) Acrescentar uma nova experiẽncia em um perfil
(4) Dado o email de um perfil, retorna sua experiência
(5) Lista todas as informações de todos os perfis
(6) Dado o email de um perfil, retorna suas informações

(7) Sair


Você escolheu a opção 2
Digite a cidade: 
{[Parapsicologia]}
Consulta realizada em:
|4713528

Olá! As opções disponíveis são:

(1) Listar todas as pessoas formadas em um determinado curso
(2) Listar as habilidades dos perfis que moram em uma determinada cidade
(3) Acrescentar uma nova experiẽncia em um perfil
(4) Dado o email de um perfil, retorna sua experiência
(5) Lista todas as informações de todos os perfis
(6) Dado o email de um perfil, retorna suas informações

(7) Sair


Você escolheu a opção 2
Digite a cidade: 
{[Parapsicologia]}
Consulta realizada em:
|5353056

Olá! As opções disponíveis são:

(1) Listar todas as pessoas formadas em um determinado curso
(2) Listar as habilidades dos perfis que moram em uma determinada cidade
(3) Acrescentar uma nova experiẽncia em um perfil
(4) Dado o email de um perfil, retorna sua experiência
(5) Lista todas as informações de todos os perfis
(6) Dado o email de um perfil, retorna suas informações

(7) Sair


Você escolheu a opção 2
Digite a cidade: 
{[Parapsicologia]}
Consulta realizada em:
|4786685

Olá! As opções disponíveis são:

(1) Listar todas as pessoas formadas em um determinado curso
(2) Listar as habilidades dos perfis que moram em uma determinada cidade
(3) Acrescentar uma nova experiẽncia em um perfil
(4) Dado o email de um perfil, retorna sua experiência
(5) Lista todas as informações de todos os perfis
(6) Dado o email de um perfil, retorna suas informações

(7) Sair


Você escolheu a opção 2
Digite a cidade: 
{[Parapsicologia]}
Consulta realizada em:
|4492237

Olá! As opções disponíveis são:

(1) Listar todas as pessoas formadas em um determinado curso
(2) Listar as habilidades dos perfis que moram em uma determinada cidade
(3) Acrescentar uma nova experiẽncia em um perfil
(4) Dado o email de um perfil, retorna sua experiência
(5) Lista todas as informações de todos os perfis
(6) Dado o email de um perfil, retorna suas informações

(7) Sair


Você escolheu a opção 2
Digite a cidade: 
{[Parapsicologia]}
Consulta realizada em:
|4042200

Olá! As opções disponíveis são:

(1) Listar todas as pessoas formadas em um determinado curso
(2) Listar as habilidades dos perfis que moram em uma determinada cidade
(3) Acrescentar uma nova experiẽncia em um perfil
(4) Dado o email de um perfil, retorna sua experiência
(5) Lista todas as informações de todos os perfis
(6) Dado o email de um perfil, retorna suas informações

(7) Sair


Você escolheu a opção 2
Digite a cidade: 
{[Parapsicologia]}
Consulta realizada em:
|4843487

Olá! As opções disponíveis são:

(1) Listar todas as pessoas formadas em um determinado curso
(2) Listar as habilidades dos perfis que moram em uma determinada cidade
(3) Acrescentar uma nova experiẽncia em um perfil
(4) Dado o email de um perfil, retorna sua experiência
(5) Lista todas as informações de todos os perfis
(6) Dado o email de um perfil, retorna suas informações

(7) Sair


Você escolheu a opção 2
Digite a cidade: 
{[Parapsicologia]}
Consulta realizada em:
|5025026

Olá! As opções disponíveis são:

(1) Listar todas as pessoas formadas em um determinado curso
(2) Listar as habilidades dos perfis que moram em uma determinada cidade
(3) Acrescentar uma nova experiẽncia em um perfil
(4) Dado o email de um perfil, retorna sua experiência
(5) Lista todas as informações de todos os perfis
(6) Dado o email de um perfil, retorna suas informações

(7) Sair


Você escolheu a opção 2
Digite a cidade: 
{[Parapsicologia]}
Consulta realizada em:
|4658398

Olá! As opções disponíveis são:

(1) Listar todas as pessoas formadas em um determinado curso
(2) Listar as habilidades dos perfis que moram em uma determinada cidade
(3) Acrescentar uma nova experiẽncia em um perfil
(4) Dado o email de um perfil, retorna sua experiência
(5) Lista todas as informações de todos os perfis
(6) Dado o email de um perfil, retorna suas informações

(7) Sair


Você escolheu a opção 2
Digite a cidade: 
{[Parapsicologia]}
Consulta realizada em:
|6207471

Olá! As opções disponíveis são:

(1) Listar todas as pessoas formadas em um determinado curso
(2) Listar as habilidades dos perfis que moram em uma determinada cidade
(3) Acrescentar uma nova experiẽncia em um perfil
(4) Dado o email de um perfil, retorna sua experiência
(5) Lista todas as informações de todos os perfis
(6) Dado o email de um perfil, retorna suas informações

(7) Sair


Você escolheu a opção 2
Digite a cidade: 
{[Parapsicologia]}
Consulta realizada em:
|5048535

Olá! As opções disponíveis são:

(1) Listar todas as pessoas formadas em um determinado curso
(2) Listar as habilidades dos perfis que moram em uma determinada cidade
(3) Acrescentar uma nova experiẽncia em um perfil
(4) Dado o email de um perfil, retorna sua experiência
(5) Lista todas as informações de todos os perfis
(6) Dado o email de um perfil, retorna suas informações

(7) Sair


Você escolheu a opção 2
Digite a cidade: 
{[Parapsicologia]}
Consulta realizada em:
|6361711

Olá! As opções disponíveis são:

(1) Listar todas as pessoas formadas em um determinado curso
(2) Listar as habilidades dos perfis que moram em uma determinada cidade
(3) Acrescentar uma nova experiẽncia em um perfil
(4) Dado o email de um perfil, retorna sua experiência
(5) Lista todas as informações de todos os perfis
(6) Dado o email de um perfil, retorna suas informações

(7) Sair


Você escolheu a opção 2
Digite a cidade: 
{[Parapsicologia]}
Consulta realizada em:
|7243628

Olá! As opções disponíveis são:

(1) Listar todas as pessoas formadas em um determinado curso
(2) Listar as habilidades dos perfis que moram em uma determinada cidade
(3) Acrescentar uma nova experiẽncia em um perfil
(4) Dado o email de um perfil, retorna sua experiência
(5) Lista todas as informações de todos os perfis
(6) Dado o email de um perfil, retorna suas informações

(7) Sair


Você escolheu a opção 2
Digite a cidade: 
{[Parapsicologia]}
Consulta realizada em:
|6508651

Olá! As opções disponíveis são:

(1) Listar todas as pessoas formadas em um determinado curso
(2) Listar as habilidades dos perfis que moram em uma determinada cidade
(3) Acrescentar uma nova experiẽncia em um perfil
(4) Dado o email de um perfil, retorna sua experiência
(5) Lista todas as informações de todos os perfis
(6) Dado o email de um perfil, retorna suas informações

(7) Sair


Você escolheu a opção 2
Digite a cidade: 
{[Parapsicologia]}
Consulta realizada em:
|8033944

Olá! As opções disponíveis são:

(1) Listar todas as pessoas formadas em um determinado curso
(2) Listar as habilidades dos perfis que moram em uma determinada cidade
(3) Acrescentar uma nova experiẽncia em um perfil
(4) Dado o email de um perfil, retorna sua experiência
(5) Lista todas as informações de todos os perfis
(6) Dado o email de um perfil, retorna suas informações

(7) Sair


Você escolheu a opção 2
Digite a cidade: 
{[Parapsicologia]}
Consulta realizada em:
|10293768

Olá! As opções disponíveis são:

(1) Listar todas as pessoas formadas em um determinado curso
(2) Listar as habilidades dos perfis que moram em uma determinada cidade
(3) Acrescentar uma nova experiẽncia em um perfil
(4) Dado o email de um perfil, retorna sua experiência
(5) Lista todas as informações de todos os perfis
(6) Dado o email de um perfil, retorna suas informações

(7) Sair


Você escolheu a opção 2
Digite a cidade: 
{[Parapsicologia]}
Consulta realizada em:
|6299205

Olá! As opções disponíveis são:

(1) Listar todas as pessoas formadas em um determinado curso
(2) Listar as habilidades dos perfis que moram em uma determinada cidade
(3) Acrescentar uma nova experiẽncia em um perfil
(4) Dado o email de um perfil, retorna sua experiência
(5) Lista todas as informações de todos os perfis
(6) Dado o email de um perfil, retorna suas informações

(7) Sair


Você escolheu a opção 2
Digite a cidade: 
{[Parapsicologia]}
Consulta realizada em:
|4094491

Olá! As opções disponíveis são:

(1) Listar todas as pessoas formadas em um determinado curso
(2) Listar as habilidades dos perfis que moram em uma determinada cidade
(3) Acrescentar uma nova experiẽncia em um perfil
(4) Dado o email de um perfil, retorna sua experiência
(5) Lista todas as informações de todos os perfis
(6) Dado o email de um perfil, retorna suas informações

(7) Sair


Você escolheu a opção 2
Digite a cidade: 
{[Parapsicologia]}
Consulta realizada em:
|4956041

Olá! As opções disponíveis são:

(1) Listar todas as pessoas formadas em um determinado curso
(2) Listar as habilidades dos perfis que moram em uma determinada cidade
(3) Acrescentar uma nova experiẽncia em um perfil
(4) Dado o email de um perfil, retorna sua experiência
(5) Lista todas as informações de todos os perfis
(6) Dado o email de um perfil, retorna suas informações

(7) Sair


Você escolheu a opção 2
Digite a cidade: 
{[Parapsicologia]}
Consulta realizada em:
|5195376

Olá! As opções disponíveis são:

(1) Listar todas as pessoas formadas em um determinado curso
(2) Listar as habilidades dos perfis que moram em uma determinada cidade
(3) Acrescentar uma nova experiẽncia em um perfil
(4) Dado o email de um perfil, retorna sua experiência
(5) Lista todas as informações de todos os perfis
(6) Dado o email de um perfil, retorna suas informações

(7) Sair


Você escolheu a opção 7
Volte sempre :)
