Connecting to client at :rmi://177.220.84.244:1099/Worker

Olá! As opções disponíveis são:

(1) Listar todas as pessoas formadas em um determinado curso
(2) Listar as habilidades dos perfis que moram em uma determinada cidade
(3) Acrescentar uma nova experiẽncia em um perfil
(4) Dado o email de um perfil, retorna sua experiência
(5) Lista todas as informações de todos os perfis
(6) Dado o email de um perfil, retorna suas informações

(7) Sair


Você escolheu a opção 3
Digite o email: 
Digite o local: 
Digite o cargo: 
Experiência adicionada!
Consulta realizada em:
|117421661

Olá! As opções disponíveis são:

(1) Listar todas as pessoas formadas em um determinado curso
(2) Listar as habilidades dos perfis que moram em uma determinada cidade
(3) Acrescentar uma nova experiẽncia em um perfil
(4) Dado o email de um perfil, retorna sua experiência
(5) Lista todas as informações de todos os perfis
(6) Dado o email de um perfil, retorna suas informações

(7) Sair


Você escolheu a opção 3
Digite o email: 
Digite o local: 
Digite o cargo: 
Experiência adicionada!
Consulta realizada em:
|13285539

Olá! As opções disponíveis são:

(1) Listar todas as pessoas formadas em um determinado curso
(2) Listar as habilidades dos perfis que moram em uma determinada cidade
(3) Acrescentar uma nova experiẽncia em um perfil
(4) Dado o email de um perfil, retorna sua experiência
(5) Lista todas as informações de todos os perfis
(6) Dado o email de um perfil, retorna suas informações

(7) Sair


Você escolheu a opção 3
Digite o email: 
Digite o local: 
Digite o cargo: 
Experiência adicionada!
Consulta realizada em:
|11458032

Olá! As opções disponíveis são:

(1) Listar todas as pessoas formadas em um determinado curso
(2) Listar as habilidades dos perfis que moram em uma determinada cidade
(3) Acrescentar uma nova experiẽncia em um perfil
(4) Dado o email de um perfil, retorna sua experiência
(5) Lista todas as informações de todos os perfis
(6) Dado o email de um perfil, retorna suas informações

(7) Sair


Você escolheu a opção 3
Digite o email: 
Digite o local: 
Digite o cargo: 
Experiência adicionada!
Consulta realizada em:
|10759949

Olá! As opções disponíveis são:

(1) Listar todas as pessoas formadas em um determinado curso
(2) Listar as habilidades dos perfis que moram em uma determinada cidade
(3) Acrescentar uma nova experiẽncia em um perfil
(4) Dado o email de um perfil, retorna sua experiência
(5) Lista todas as informações de todos os perfis
(6) Dado o email de um perfil, retorna suas informações

(7) Sair


Você escolheu a opção 3
Digite o email: 
Digite o local: 
Digite o cargo: 
Experiência adicionada!
Consulta realizada em:
|9002482

Olá! As opções disponíveis são:

(1) Listar todas as pessoas formadas em um determinado curso
(2) Listar as habilidades dos perfis que moram em uma determinada cidade
(3) Acrescentar uma nova experiẽncia em um perfil
(4) Dado o email de um perfil, retorna sua experiência
(5) Lista todas as informações de todos os perfis
(6) Dado o email de um perfil, retorna suas informações

(7) Sair


Você escolheu a opção 3
Digite o email: 
Digite o local: 
Digite o cargo: 
Experiência adicionada!
Consulta realizada em:
|19763219

Olá! As opções disponíveis são:

(1) Listar todas as pessoas formadas em um determinado curso
(2) Listar as habilidades dos perfis que moram em uma determinada cidade
(3) Acrescentar uma nova experiẽncia em um perfil
(4) Dado o email de um perfil, retorna sua experiência
(5) Lista todas as informações de todos os perfis
(6) Dado o email de um perfil, retorna suas informações

(7) Sair


Você escolheu a opção 3
Digite o email: 
Digite o local: 
Digite o cargo: 
Experiência adicionada!
Consulta realizada em:
|14009600

Olá! As opções disponíveis são:

(1) Listar todas as pessoas formadas em um determinado curso
(2) Listar as habilidades dos perfis que moram em uma determinada cidade
(3) Acrescentar uma nova experiẽncia em um perfil
(4) Dado o email de um perfil, retorna sua experiência
(5) Lista todas as informações de todos os perfis
(6) Dado o email de um perfil, retorna suas informações

(7) Sair


Você escolheu a opção 3
Digite o email: 
Digite o local: 
Digite o cargo: 
Experiência adicionada!
Consulta realizada em:
|13777907

Olá! As opções disponíveis são:

(1) Listar todas as pessoas formadas em um determinado curso
(2) Listar as habilidades dos perfis que moram em uma determinada cidade
(3) Acrescentar uma nova experiẽncia em um perfil
(4) Dado o email de um perfil, retorna sua experiência
(5) Lista todas as informações de todos os perfis
(6) Dado o email de um perfil, retorna suas informações

(7) Sair


Você escolheu a opção 3
Digite o email: 
Digite o local: 
Digite o cargo: 
Experiência adicionada!
Consulta realizada em:
|30204619

Olá! As opções disponíveis são:

(1) Listar todas as pessoas formadas em um determinado curso
(2) Listar as habilidades dos perfis que moram em uma determinada cidade
(3) Acrescentar uma nova experiẽncia em um perfil
(4) Dado o email de um perfil, retorna sua experiência
(5) Lista todas as informações de todos os perfis
(6) Dado o email de um perfil, retorna suas informações

(7) Sair


Você escolheu a opção 3
Digite o email: 
Digite o local: 
Digite o cargo: 
Experiência adicionada!
Consulta realizada em:
|16399215

Olá! As opções disponíveis são:

(1) Listar todas as pessoas formadas em um determinado curso
(2) Listar as habilidades dos perfis que moram em uma determinada cidade
(3) Acrescentar uma nova experiẽncia em um perfil
(4) Dado o email de um perfil, retorna sua experiência
(5) Lista todas as informações de todos os perfis
(6) Dado o email de um perfil, retorna suas informações

(7) Sair


Você escolheu a opção 3
Digite o email: 
Digite o local: 
Digite o cargo: 
Experiência adicionada!
Consulta realizada em:
|22254445

Olá! As opções disponíveis são:

(1) Listar todas as pessoas formadas em um determinado curso
(2) Listar as habilidades dos perfis que moram em uma determinada cidade
(3) Acrescentar uma nova experiẽncia em um perfil
(4) Dado o email de um perfil, retorna sua experiência
(5) Lista todas as informações de todos os perfis
(6) Dado o email de um perfil, retorna suas informações

(7) Sair


Você escolheu a opção 3
Digite o email: 
Digite o local: 
Digite o cargo: 
Experiência adicionada!
Consulta realizada em:
|9547654

Olá! As opções disponíveis são:

(1) Listar todas as pessoas formadas em um determinado curso
(2) Listar as habilidades dos perfis que moram em uma determinada cidade
(3) Acrescentar uma nova experiẽncia em um perfil
(4) Dado o email de um perfil, retorna sua experiência
(5) Lista todas as informações de todos os perfis
(6) Dado o email de um perfil, retorna suas informações

(7) Sair


Você escolheu a opção 3
Digite o email: 
Digite o local: 
Digite o cargo: 
Experiência adicionada!
Consulta realizada em:
|13078027

Olá! As opções disponíveis são:

(1) Listar todas as pessoas formadas em um determinado curso
(2) Listar as habilidades dos perfis que moram em uma determinada cidade
(3) Acrescentar uma nova experiẽncia em um perfil
(4) Dado o email de um perfil, retorna sua experiência
(5) Lista todas as informações de todos os perfis
(6) Dado o email de um perfil, retorna suas informações

(7) Sair


Você escolheu a opção 3
Digite o email: 
Digite o local: 
Digite o cargo: 
Experiência adicionada!
Consulta realizada em:
|10853765

Olá! As opções disponíveis são:

(1) Listar todas as pessoas formadas em um determinado curso
(2) Listar as habilidades dos perfis que moram em uma determinada cidade
(3) Acrescentar uma nova experiẽncia em um perfil
(4) Dado o email de um perfil, retorna sua experiência
(5) Lista todas as informações de todos os perfis
(6) Dado o email de um perfil, retorna suas informações

(7) Sair


Você escolheu a opção 3
Digite o email: 
Digite o local: 
Digite o cargo: 
Experiência adicionada!
Consulta realizada em:
|5099867

Olá! As opções disponíveis são:

(1) Listar todas as pessoas formadas em um determinado curso
(2) Listar as habilidades dos perfis que moram em uma determinada cidade
(3) Acrescentar uma nova experiẽncia em um perfil
(4) Dado o email de um perfil, retorna sua experiência
(5) Lista todas as informações de todos os perfis
(6) Dado o email de um perfil, retorna suas informações

(7) Sair


Você escolheu a opção 3
Digite o email: 
Digite o local: 
Digite o cargo: 
Experiência adicionada!
Consulta realizada em:
|5891848

Olá! As opções disponíveis são:

(1) Listar todas as pessoas formadas em um determinado curso
(2) Listar as habilidades dos perfis que moram em uma determinada cidade
(3) Acrescentar uma nova experiẽncia em um perfil
(4) Dado o email de um perfil, retorna sua experiência
(5) Lista todas as informações de todos os perfis
(6) Dado o email de um perfil, retorna suas informações

(7) Sair


Você escolheu a opção 3
Digite o email: 
Digite o local: 
Digite o cargo: 
Experiência adicionada!
Consulta realizada em:
|4544314

Olá! As opções disponíveis são:

(1) Listar todas as pessoas formadas em um determinado curso
(2) Listar as habilidades dos perfis que moram em uma determinada cidade
(3) Acrescentar uma nova experiẽncia em um perfil
(4) Dado o email de um perfil, retorna sua experiência
(5) Lista todas as informações de todos os perfis
(6) Dado o email de um perfil, retorna suas informações

(7) Sair


Você escolheu a opção 3
Digite o email: 
Digite o local: 
Digite o cargo: 
Experiência adicionada!
Consulta realizada em:
|3636747

Olá! As opções disponíveis são:

(1) Listar todas as pessoas formadas em um determinado curso
(2) Listar as habilidades dos perfis que moram em uma determinada cidade
(3) Acrescentar uma nova experiẽncia em um perfil
(4) Dado o email de um perfil, retorna sua experiência
(5) Lista todas as informações de todos os perfis
(6) Dado o email de um perfil, retorna suas informações

(7) Sair


Você escolheu a opção 3
Digite o email: 
Digite o local: 
Digite o cargo: 
Experiência adicionada!
Consulta realizada em:
|3987412

Olá! As opções disponíveis são:

(1) Listar todas as pessoas formadas em um determinado curso
(2) Listar as habilidades dos perfis que moram em uma determinada cidade
(3) Acrescentar uma nova experiẽncia em um perfil
(4) Dado o email de um perfil, retorna sua experiência
(5) Lista todas as informações de todos os perfis
(6) Dado o email de um perfil, retorna suas informações

(7) Sair


Você escolheu a opção 3
Digite o email: 
Digite o local: 
Digite o cargo: 
Experiência adicionada!
Consulta realizada em:
|11656827

Olá! As opções disponíveis são:

(1) Listar todas as pessoas formadas em um determinado curso
(2) Listar as habilidades dos perfis que moram em uma determinada cidade
(3) Acrescentar uma nova experiẽncia em um perfil
(4) Dado o email de um perfil, retorna sua experiência
(5) Lista todas as informações de todos os perfis
(6) Dado o email de um perfil, retorna suas informações

(7) Sair


Você escolheu a opção 7
Volte sempre :)
