Connecting to client at :rmi://177.220.84.244:1099/Worker

Olá! As opções disponíveis são:

(1) Listar todas as pessoas formadas em um determinado curso
(2) Listar as habilidades dos perfis que moram em uma determinada cidade
(3) Acrescentar uma nova experiẽncia em um perfil
(4) Dado o email de um perfil, retorna sua experiência
(5) Lista todas as informações de todos os perfis
(6) Dado o email de um perfil, retorna suas informações

(7) Sair


Você escolheu a opção 4
Digite o email: 
{[[ { "Local" : "Unicamp" , "Cargo" : "Aluna"} , { "Local" : "Unicamp" , "Cargo" : "Aluna"} , { "Local" : "Unicamp" , "Cargo" : "Aluna"} , { "Local" : "Unicamp" , "Cargo" : "Aluna"} , { "Local" : "Unicamp" , "Cargo" : "Aluna"} , { "Local" : "Unicamp" , "Cargo" : "Aluna"} , { "Local" : "Unicamp" , "Cargo" : "Aluna"} , { "Local" : "Editora Baz" , "Cargo" : "Estagiaria"}]]}
Consulta realizada em:
|95866954

Olá! As opções disponíveis são:

(1) Listar todas as pessoas formadas em um determinado curso
(2) Listar as habilidades dos perfis que moram em uma determinada cidade
(3) Acrescentar uma nova experiẽncia em um perfil
(4) Dado o email de um perfil, retorna sua experiência
(5) Lista todas as informações de todos os perfis
(6) Dado o email de um perfil, retorna suas informações

(7) Sair


Você escolheu a opção 4
Digite o email: 
{[[ { "Local" : "Unicamp" , "Cargo" : "Aluna"} , { "Local" : "Unicamp" , "Cargo" : "Aluna"} , { "Local" : "Unicamp" , "Cargo" : "Aluna"} , { "Local" : "Unicamp" , "Cargo" : "Aluna"} , { "Local" : "Unicamp" , "Cargo" : "Aluna"} , { "Local" : "Unicamp" , "Cargo" : "Aluna"} , { "Local" : "Unicamp" , "Cargo" : "Aluna"} , { "Local" : "Editora Baz" , "Cargo" : "Estagiaria"}]]}
Consulta realizada em:
|35298950

Olá! As opções disponíveis são:

(1) Listar todas as pessoas formadas em um determinado curso
(2) Listar as habilidades dos perfis que moram em uma determinada cidade
(3) Acrescentar uma nova experiẽncia em um perfil
(4) Dado o email de um perfil, retorna sua experiência
(5) Lista todas as informações de todos os perfis
(6) Dado o email de um perfil, retorna suas informações

(7) Sair


Você escolheu a opção 4
Digite o email: 
{[[ { "Local" : "Unicamp" , "Cargo" : "Aluna"} , { "Local" : "Unicamp" , "Cargo" : "Aluna"} , { "Local" : "Unicamp" , "Cargo" : "Aluna"} , { "Local" : "Unicamp" , "Cargo" : "Aluna"} , { "Local" : "Unicamp" , "Cargo" : "Aluna"} , { "Local" : "Unicamp" , "Cargo" : "Aluna"} , { "Local" : "Unicamp" , "Cargo" : "Aluna"} , { "Local" : "Editora Baz" , "Cargo" : "Estagiaria"}]]}
Consulta realizada em:
|67956016

Olá! As opções disponíveis são:

(1) Listar todas as pessoas formadas em um determinado curso
(2) Listar as habilidades dos perfis que moram em uma determinada cidade
(3) Acrescentar uma nova experiẽncia em um perfil
(4) Dado o email de um perfil, retorna sua experiência
(5) Lista todas as informações de todos os perfis
(6) Dado o email de um perfil, retorna suas informações

(7) Sair


Você escolheu a opção 4
Digite o email: 
{[[ { "Local" : "Unicamp" , "Cargo" : "Aluna"} , { "Local" : "Unicamp" , "Cargo" : "Aluna"} , { "Local" : "Unicamp" , "Cargo" : "Aluna"} , { "Local" : "Unicamp" , "Cargo" : "Aluna"} , { "Local" : "Unicamp" , "Cargo" : "Aluna"} , { "Local" : "Unicamp" , "Cargo" : "Aluna"} , { "Local" : "Unicamp" , "Cargo" : "Aluna"} , { "Local" : "Editora Baz" , "Cargo" : "Estagiaria"}]]}
Consulta realizada em:
|19032625

Olá! As opções disponíveis são:

(1) Listar todas as pessoas formadas em um determinado curso
(2) Listar as habilidades dos perfis que moram em uma determinada cidade
(3) Acrescentar uma nova experiẽncia em um perfil
(4) Dado o email de um perfil, retorna sua experiência
(5) Lista todas as informações de todos os perfis
(6) Dado o email de um perfil, retorna suas informações

(7) Sair


Você escolheu a opção 4
Digite o email: 
{[[ { "Local" : "Unicamp" , "Cargo" : "Aluna"} , { "Local" : "Unicamp" , "Cargo" : "Aluna"} , { "Local" : "Unicamp" , "Cargo" : "Aluna"} , { "Local" : "Unicamp" , "Cargo" : "Aluna"} , { "Local" : "Unicamp" , "Cargo" : "Aluna"} , { "Local" : "Unicamp" , "Cargo" : "Aluna"} , { "Local" : "Unicamp" , "Cargo" : "Aluna"} , { "Local" : "Editora Baz" , "Cargo" : "Estagiaria"}]]}
Consulta realizada em:
|10417259

Olá! As opções disponíveis são:

(1) Listar todas as pessoas formadas em um determinado curso
(2) Listar as habilidades dos perfis que moram em uma determinada cidade
(3) Acrescentar uma nova experiẽncia em um perfil
(4) Dado o email de um perfil, retorna sua experiência
(5) Lista todas as informações de todos os perfis
(6) Dado o email de um perfil, retorna suas informações

(7) Sair


Você escolheu a opção 4
Digite o email: 
{[[ { "Local" : "Unicamp" , "Cargo" : "Aluna"} , { "Local" : "Unicamp" , "Cargo" : "Aluna"} , { "Local" : "Unicamp" , "Cargo" : "Aluna"} , { "Local" : "Unicamp" , "Cargo" : "Aluna"} , { "Local" : "Unicamp" , "Cargo" : "Aluna"} , { "Local" : "Unicamp" , "Cargo" : "Aluna"} , { "Local" : "Unicamp" , "Cargo" : "Aluna"} , { "Local" : "Editora Baz" , "Cargo" : "Estagiaria"}]]}
Consulta realizada em:
|31092901

Olá! As opções disponíveis são:

(1) Listar todas as pessoas formadas em um determinado curso
(2) Listar as habilidades dos perfis que moram em uma determinada cidade
(3) Acrescentar uma nova experiẽncia em um perfil
(4) Dado o email de um perfil, retorna sua experiência
(5) Lista todas as informações de todos os perfis
(6) Dado o email de um perfil, retorna suas informações

(7) Sair


Você escolheu a opção 4
Digite o email: 
{[[ { "Local" : "Unicamp" , "Cargo" : "Aluna"} , { "Local" : "Unicamp" , "Cargo" : "Aluna"} , { "Local" : "Unicamp" , "Cargo" : "Aluna"} , { "Local" : "Unicamp" , "Cargo" : "Aluna"} , { "Local" : "Unicamp" , "Cargo" : "Aluna"} , { "Local" : "Unicamp" , "Cargo" : "Aluna"} , { "Local" : "Unicamp" , "Cargo" : "Aluna"} , { "Local" : "Editora Baz" , "Cargo" : "Estagiaria"}]]}
Consulta realizada em:
|42618550

Olá! As opções disponíveis são:

(1) Listar todas as pessoas formadas em um determinado curso
(2) Listar as habilidades dos perfis que moram em uma determinada cidade
(3) Acrescentar uma nova experiẽncia em um perfil
(4) Dado o email de um perfil, retorna sua experiência
(5) Lista todas as informações de todos os perfis
(6) Dado o email de um perfil, retorna suas informações

(7) Sair


Você escolheu a opção 4
Digite o email: 
{[[ { "Local" : "Unicamp" , "Cargo" : "Aluna"} , { "Local" : "Unicamp" , "Cargo" : "Aluna"} , { "Local" : "Unicamp" , "Cargo" : "Aluna"} , { "Local" : "Unicamp" , "Cargo" : "Aluna"} , { "Local" : "Unicamp" , "Cargo" : "Aluna"} , { "Local" : "Unicamp" , "Cargo" : "Aluna"} , { "Local" : "Unicamp" , "Cargo" : "Aluna"} , { "Local" : "Editora Baz" , "Cargo" : "Estagiaria"}]]}
Consulta realizada em:
|33632371

Olá! As opções disponíveis são:

(1) Listar todas as pessoas formadas em um determinado curso
(2) Listar as habilidades dos perfis que moram em uma determinada cidade
(3) Acrescentar uma nova experiẽncia em um perfil
(4) Dado o email de um perfil, retorna sua experiência
(5) Lista todas as informações de todos os perfis
(6) Dado o email de um perfil, retorna suas informações

(7) Sair


Você escolheu a opção 4
Digite o email: 
{[[ { "Local" : "Unicamp" , "Cargo" : "Aluna"} , { "Local" : "Unicamp" , "Cargo" : "Aluna"} , { "Local" : "Unicamp" , "Cargo" : "Aluna"} , { "Local" : "Unicamp" , "Cargo" : "Aluna"} , { "Local" : "Unicamp" , "Cargo" : "Aluna"} , { "Local" : "Unicamp" , "Cargo" : "Aluna"} , { "Local" : "Unicamp" , "Cargo" : "Aluna"} , { "Local" : "Editora Baz" , "Cargo" : "Estagiaria"}]]}
Consulta realizada em:
|42196553

Olá! As opções disponíveis são:

(1) Listar todas as pessoas formadas em um determinado curso
(2) Listar as habilidades dos perfis que moram em uma determinada cidade
(3) Acrescentar uma nova experiẽncia em um perfil
(4) Dado o email de um perfil, retorna sua experiência
(5) Lista todas as informações de todos os perfis
(6) Dado o email de um perfil, retorna suas informações

(7) Sair


Você escolheu a opção 4
Digite o email: 
{[[ { "Local" : "Unicamp" , "Cargo" : "Aluna"} , { "Local" : "Unicamp" , "Cargo" : "Aluna"} , { "Local" : "Unicamp" , "Cargo" : "Aluna"} , { "Local" : "Unicamp" , "Cargo" : "Aluna"} , { "Local" : "Unicamp" , "Cargo" : "Aluna"} , { "Local" : "Unicamp" , "Cargo" : "Aluna"} , { "Local" : "Unicamp" , "Cargo" : "Aluna"} , { "Local" : "Editora Baz" , "Cargo" : "Estagiaria"}]]}
Consulta realizada em:
|45155354

Olá! As opções disponíveis são:

(1) Listar todas as pessoas formadas em um determinado curso
(2) Listar as habilidades dos perfis que moram em uma determinada cidade
(3) Acrescentar uma nova experiẽncia em um perfil
(4) Dado o email de um perfil, retorna sua experiência
(5) Lista todas as informações de todos os perfis
(6) Dado o email de um perfil, retorna suas informações

(7) Sair


Você escolheu a opção 4
Digite o email: 
{[[ { "Local" : "Unicamp" , "Cargo" : "Aluna"} , { "Local" : "Unicamp" , "Cargo" : "Aluna"} , { "Local" : "Unicamp" , "Cargo" : "Aluna"} , { "Local" : "Unicamp" , "Cargo" : "Aluna"} , { "Local" : "Unicamp" , "Cargo" : "Aluna"} , { "Local" : "Unicamp" , "Cargo" : "Aluna"} , { "Local" : "Unicamp" , "Cargo" : "Aluna"} , { "Local" : "Editora Baz" , "Cargo" : "Estagiaria"}]]}
Consulta realizada em:
|36739867

Olá! As opções disponíveis são:

(1) Listar todas as pessoas formadas em um determinado curso
(2) Listar as habilidades dos perfis que moram em uma determinada cidade
(3) Acrescentar uma nova experiẽncia em um perfil
(4) Dado o email de um perfil, retorna sua experiência
(5) Lista todas as informações de todos os perfis
(6) Dado o email de um perfil, retorna suas informações

(7) Sair


Você escolheu a opção 4
Digite o email: 
{[[ { "Local" : "Unicamp" , "Cargo" : "Aluna"} , { "Local" : "Unicamp" , "Cargo" : "Aluna"} , { "Local" : "Unicamp" , "Cargo" : "Aluna"} , { "Local" : "Unicamp" , "Cargo" : "Aluna"} , { "Local" : "Unicamp" , "Cargo" : "Aluna"} , { "Local" : "Unicamp" , "Cargo" : "Aluna"} , { "Local" : "Unicamp" , "Cargo" : "Aluna"} , { "Local" : "Editora Baz" , "Cargo" : "Estagiaria"}]]}
Consulta realizada em:
|52218640

Olá! As opções disponíveis são:

(1) Listar todas as pessoas formadas em um determinado curso
(2) Listar as habilidades dos perfis que moram em uma determinada cidade
(3) Acrescentar uma nova experiẽncia em um perfil
(4) Dado o email de um perfil, retorna sua experiência
(5) Lista todas as informações de todos os perfis
(6) Dado o email de um perfil, retorna suas informações

(7) Sair


Você escolheu a opção 4
Digite o email: 
{[[ { "Local" : "Unicamp" , "Cargo" : "Aluna"} , { "Local" : "Unicamp" , "Cargo" : "Aluna"} , { "Local" : "Unicamp" , "Cargo" : "Aluna"} , { "Local" : "Unicamp" , "Cargo" : "Aluna"} , { "Local" : "Unicamp" , "Cargo" : "Aluna"} , { "Local" : "Unicamp" , "Cargo" : "Aluna"} , { "Local" : "Unicamp" , "Cargo" : "Aluna"} , { "Local" : "Editora Baz" , "Cargo" : "Estagiaria"}]]}
Consulta realizada em:
|35324527

Olá! As opções disponíveis são:

(1) Listar todas as pessoas formadas em um determinado curso
(2) Listar as habilidades dos perfis que moram em uma determinada cidade
(3) Acrescentar uma nova experiẽncia em um perfil
(4) Dado o email de um perfil, retorna sua experiência
(5) Lista todas as informações de todos os perfis
(6) Dado o email de um perfil, retorna suas informações

(7) Sair


Você escolheu a opção 4
Digite o email: 
{[[ { "Local" : "Unicamp" , "Cargo" : "Aluna"} , { "Local" : "Unicamp" , "Cargo" : "Aluna"} , { "Local" : "Unicamp" , "Cargo" : "Aluna"} , { "Local" : "Unicamp" , "Cargo" : "Aluna"} , { "Local" : "Unicamp" , "Cargo" : "Aluna"} , { "Local" : "Unicamp" , "Cargo" : "Aluna"} , { "Local" : "Unicamp" , "Cargo" : "Aluna"} , { "Local" : "Editora Baz" , "Cargo" : "Estagiaria"}]]}
Consulta realizada em:
|49673760

Olá! As opções disponíveis são:

(1) Listar todas as pessoas formadas em um determinado curso
(2) Listar as habilidades dos perfis que moram em uma determinada cidade
(3) Acrescentar uma nova experiẽncia em um perfil
(4) Dado o email de um perfil, retorna sua experiência
(5) Lista todas as informações de todos os perfis
(6) Dado o email de um perfil, retorna suas informações

(7) Sair


Você escolheu a opção 4
Digite o email: 
{[[ { "Local" : "Unicamp" , "Cargo" : "Aluna"} , { "Local" : "Unicamp" , "Cargo" : "Aluna"} , { "Local" : "Unicamp" , "Cargo" : "Aluna"} , { "Local" : "Unicamp" , "Cargo" : "Aluna"} , { "Local" : "Unicamp" , "Cargo" : "Aluna"} , { "Local" : "Unicamp" , "Cargo" : "Aluna"} , { "Local" : "Unicamp" , "Cargo" : "Aluna"} , { "Local" : "Editora Baz" , "Cargo" : "Estagiaria"}]]}
Consulta realizada em:
|33708135

Olá! As opções disponíveis são:

(1) Listar todas as pessoas formadas em um determinado curso
(2) Listar as habilidades dos perfis que moram em uma determinada cidade
(3) Acrescentar uma nova experiẽncia em um perfil
(4) Dado o email de um perfil, retorna sua experiência
(5) Lista todas as informações de todos os perfis
(6) Dado o email de um perfil, retorna suas informações

(7) Sair


Você escolheu a opção 4
Digite o email: 
{[[ { "Local" : "Unicamp" , "Cargo" : "Aluna"} , { "Local" : "Unicamp" , "Cargo" : "Aluna"} , { "Local" : "Unicamp" , "Cargo" : "Aluna"} , { "Local" : "Unicamp" , "Cargo" : "Aluna"} , { "Local" : "Unicamp" , "Cargo" : "Aluna"} , { "Local" : "Unicamp" , "Cargo" : "Aluna"} , { "Local" : "Unicamp" , "Cargo" : "Aluna"} , { "Local" : "Editora Baz" , "Cargo" : "Estagiaria"}]]}
Consulta realizada em:
|29574722

Olá! As opções disponíveis são:

(1) Listar todas as pessoas formadas em um determinado curso
(2) Listar as habilidades dos perfis que moram em uma determinada cidade
(3) Acrescentar uma nova experiẽncia em um perfil
(4) Dado o email de um perfil, retorna sua experiência
(5) Lista todas as informações de todos os perfis
(6) Dado o email de um perfil, retorna suas informações

(7) Sair


Você escolheu a opção 4
Digite o email: 
{[[ { "Local" : "Unicamp" , "Cargo" : "Aluna"} , { "Local" : "Unicamp" , "Cargo" : "Aluna"} , { "Local" : "Unicamp" , "Cargo" : "Aluna"} , { "Local" : "Unicamp" , "Cargo" : "Aluna"} , { "Local" : "Unicamp" , "Cargo" : "Aluna"} , { "Local" : "Unicamp" , "Cargo" : "Aluna"} , { "Local" : "Unicamp" , "Cargo" : "Aluna"} , { "Local" : "Editora Baz" , "Cargo" : "Estagiaria"}]]}
Consulta realizada em:
|40164482

Olá! As opções disponíveis são:

(1) Listar todas as pessoas formadas em um determinado curso
(2) Listar as habilidades dos perfis que moram em uma determinada cidade
(3) Acrescentar uma nova experiẽncia em um perfil
(4) Dado o email de um perfil, retorna sua experiência
(5) Lista todas as informações de todos os perfis
(6) Dado o email de um perfil, retorna suas informações

(7) Sair


Você escolheu a opção 4
Digite o email: 
{[[ { "Local" : "Unicamp" , "Cargo" : "Aluna"} , { "Local" : "Unicamp" , "Cargo" : "Aluna"} , { "Local" : "Unicamp" , "Cargo" : "Aluna"} , { "Local" : "Unicamp" , "Cargo" : "Aluna"} , { "Local" : "Unicamp" , "Cargo" : "Aluna"} , { "Local" : "Unicamp" , "Cargo" : "Aluna"} , { "Local" : "Unicamp" , "Cargo" : "Aluna"} , { "Local" : "Editora Baz" , "Cargo" : "Estagiaria"}]]}
Consulta realizada em:
|13677835

Olá! As opções disponíveis são:

(1) Listar todas as pessoas formadas em um determinado curso
(2) Listar as habilidades dos perfis que moram em uma determinada cidade
(3) Acrescentar uma nova experiẽncia em um perfil
(4) Dado o email de um perfil, retorna sua experiência
(5) Lista todas as informações de todos os perfis
(6) Dado o email de um perfil, retorna suas informações

(7) Sair


Você escolheu a opção 4
Digite o email: 
{[[ { "Local" : "Unicamp" , "Cargo" : "Aluna"} , { "Local" : "Unicamp" , "Cargo" : "Aluna"} , { "Local" : "Unicamp" , "Cargo" : "Aluna"} , { "Local" : "Unicamp" , "Cargo" : "Aluna"} , { "Local" : "Unicamp" , "Cargo" : "Aluna"} , { "Local" : "Unicamp" , "Cargo" : "Aluna"} , { "Local" : "Unicamp" , "Cargo" : "Aluna"} , { "Local" : "Editora Baz" , "Cargo" : "Estagiaria"}]]}
Consulta realizada em:
|38020092

Olá! As opções disponíveis são:

(1) Listar todas as pessoas formadas em um determinado curso
(2) Listar as habilidades dos perfis que moram em uma determinada cidade
(3) Acrescentar uma nova experiẽncia em um perfil
(4) Dado o email de um perfil, retorna sua experiência
(5) Lista todas as informações de todos os perfis
(6) Dado o email de um perfil, retorna suas informações

(7) Sair


Você escolheu a opção 4
Digite o email: 
{[[ { "Local" : "Unicamp" , "Cargo" : "Aluna"} , { "Local" : "Unicamp" , "Cargo" : "Aluna"} , { "Local" : "Unicamp" , "Cargo" : "Aluna"} , { "Local" : "Unicamp" , "Cargo" : "Aluna"} , { "Local" : "Unicamp" , "Cargo" : "Aluna"} , { "Local" : "Unicamp" , "Cargo" : "Aluna"} , { "Local" : "Unicamp" , "Cargo" : "Aluna"} , { "Local" : "Editora Baz" , "Cargo" : "Estagiaria"}]]}
Consulta realizada em:
|26509246

Olá! As opções disponíveis são:

(1) Listar todas as pessoas formadas em um determinado curso
(2) Listar as habilidades dos perfis que moram em uma determinada cidade
(3) Acrescentar uma nova experiẽncia em um perfil
(4) Dado o email de um perfil, retorna sua experiência
(5) Lista todas as informações de todos os perfis
(6) Dado o email de um perfil, retorna suas informações

(7) Sair


Você escolheu a opção 7
Volte sempre :)
